[INFO] Scanning for projects...
[INFO] 
[INFO] --------------------< com.example:multi-management >--------------------
[INFO] Building multi-management 0.0.1-SNAPSHOT
[INFO]   from pom.xml
[INFO] --------------------------------[ jar ]---------------------------------
[INFO] 
[INFO] --- clean:3.5.0:clean (default-clean) @ multi-management ---
[INFO] Deleting D:\ON-WORKING-PROJECT\multi-management\target
[INFO] 
[INFO] --- resources:3.3.1:resources (default-resources) @ multi-management ---
[INFO] Copying 1 resource from src\main\resources to target\classes
[INFO] Copying 0 resource from src\main\resources to target\classes
[INFO] 
[INFO] --- compiler:3.14.1:compile (default-compile) @ multi-management ---
[INFO] Recompiling the module because of changed source code.
[INFO] Compiling 33 source files with javac [debug parameters release 21] to target\classes
[INFO] -------------------------------------------------------------
[ERROR] COMPILATION ERROR : 
[INFO] -------------------------------------------------------------
[ERROR] /D:/ON-WORKING-PROJECT/multi-management/src/main/java/com/example/multi_management/auth/security/JwtFilter.java:[41,43] cannot find symbol
  symbol: variable userDetailsService
[INFO] 1 error
[INFO] -------------------------------------------------------------
[INFO] ------------------------------------------------------------------------
[INFO] BUILD FAILURE
[INFO] ------------------------------------------------------------------------
[INFO] Total time:  3.971 s
[INFO] Finished at: 2025-12-27T13:40:01+05:30
[INFO] ------------------------------------------------------------------------
[ERROR] Failed to execute goal org.apache.maven.plugins:maven-compiler-plugin:3.14.1:compile (default-compile) on project multi-management: Compilation failure
[ERROR] /D:/ON-WORKING-PROJECT/multi-management/src/main/java/com/example/multi_management/auth/security/JwtFilter.java:[41,43] cannot find symbol
[ERROR]   symbol: variable userDetailsService
[ERROR] 
[ERROR] -> [Help 1]
[ERROR] 
[ERROR] To see the full stack trace of the errors, re-run Maven with the -e switch.
[ERROR] Re-run Maven using the -X switch to enable full debug logging.
[ERROR] 
[ERROR] For more information about the errors and possible solutions, please read the following articles:
[ERROR] [Help 1] http://cwiki.apache.org/confluence/display/MAVEN/MojoFailureException
